0 info it worked if it ends with ok
1 verbose cli [ '/Users/dikunin/.nvm/versions/node/v7.0.0/bin/node',
1 verbose cli   '/Users/dikunin/.nvm/versions/node/v7.0.0/bin/npm',
1 verbose cli   'install',
1 verbose cli   'optimizilla-cli@1.1.0',
1 verbose cli   '-g' ]
2 info using npm@3.10.8
3 info using node@v7.0.0
4 silly loadCurrentTree Starting
5 silly install loadCurrentTree
6 silly install readGlobalPackageData
7 silly fetchPackageMetaData optimizilla-cli@1.1.0
8 silly fetchNamedPackageData optimizilla-cli
9 silly mapToRegistry name optimizilla-cli
10 silly mapToRegistry using default registry
11 silly mapToRegistry registry http://sinopia/
12 silly mapToRegistry data Result {
12 silly mapToRegistry   raw: 'optimizilla-cli',
12 silly mapToRegistry   scope: null,
12 silly mapToRegistry   escapedName: 'optimizilla-cli',
12 silly mapToRegistry   name: 'optimizilla-cli',
12 silly mapToRegistry   rawSpec: '',
12 silly mapToRegistry   spec: 'latest',
12 silly mapToRegistry   type: 'tag' }
13 silly mapToRegistry uri http://sinopia/optimizilla-cli
14 verbose request uri http://sinopia/optimizilla-cli
15 verbose request no auth needed
16 info attempt registry request try #1 at 13:43:08
17 verbose request using bearer token for auth
18 verbose request id fcdb1e0d6c3df8c6
19 verbose etag "8522d39fa391a0eede698b0e6c9042b9"
20 http request GET http://sinopia/optimizilla-cli
21 http 304 http://sinopia/optimizilla-cli
22 verbose headers { server: 'nginx',
22 verbose headers   date: 'Wed, 14 Jun 2017 10:43:08 GMT',
22 verbose headers   connection: 'close',
22 verbose headers   'x-powered-by': 'Sinopia/1.4.0',
22 verbose headers   etag: '"8522d39fa391a0eede698b0e6c9042b9"',
22 verbose headers   'x-status-cat': 'http://flic.kr/p/aXY3dH' }
23 silly get cb [ 304,
23 silly get   { server: 'nginx',
23 silly get     date: 'Wed, 14 Jun 2017 10:43:08 GMT',
23 silly get     connection: 'close',
23 silly get     'x-powered-by': 'Sinopia/1.4.0',
23 silly get     etag: '"8522d39fa391a0eede698b0e6c9042b9"',
23 silly get     'x-status-cat': 'http://flic.kr/p/aXY3dH' } ]
24 verbose etag http://sinopia/optimizilla-cli from cache
25 verbose get saving optimizilla-cli to /Users/dikunin/.npm/sinopia/optimizilla-cli/.cache.json
26 verbose correctMkdir /Users/dikunin/.npm correctMkdir not in flight; initializing
27 silly fetchNamedPackageData No valid target from cache, forcing network
28 verbose request uri http://sinopia/optimizilla-cli
29 verbose request no auth needed
30 info attempt registry request try #1 at 13:43:08
31 verbose request using bearer token for auth
32 http request GET http://sinopia/optimizilla-cli
33 http 200 http://sinopia/optimizilla-cli
34 verbose headers { server: 'nginx',
34 verbose headers   date: 'Wed, 14 Jun 2017 10:43:08 GMT',
34 verbose headers   'content-type': 'application/json; charset=utf-8',
34 verbose headers   'transfer-encoding': 'chunked',
34 verbose headers   connection: 'close',
34 verbose headers   'x-powered-by': 'Sinopia/1.4.0',
34 verbose headers   etag: '"8522d39fa391a0eede698b0e6c9042b9"',
34 verbose headers   vary: 'Accept-Encoding',
34 verbose headers   'content-encoding': 'gzip',
34 verbose headers   'x-status-cat': 'http://flic.kr/p/aVuVsF' }
35 silly get cb [ 200,
35 silly get   { server: 'nginx',
35 silly get     date: 'Wed, 14 Jun 2017 10:43:08 GMT',
35 silly get     'content-type': 'application/json; charset=utf-8',
35 silly get     'transfer-encoding': 'chunked',
35 silly get     connection: 'close',
35 silly get     'x-powered-by': 'Sinopia/1.4.0',
35 silly get     etag: '"8522d39fa391a0eede698b0e6c9042b9"',
35 silly get     vary: 'Accept-Encoding',
35 silly get     'content-encoding': 'gzip',
35 silly get     'x-status-cat': 'http://flic.kr/p/aVuVsF' } ]
36 verbose get saving optimizilla-cli to /Users/dikunin/.npm/sinopia/optimizilla-cli/.cache.json
37 verbose correctMkdir /Users/dikunin/.npm correctMkdir not in flight; initializing
38 silly fetchPackageMetaData Error: No compatible version found: optimizilla-cli@1.1.0
38 silly fetchPackageMetaData Valid install targets:
38 silly fetchPackageMetaData 1.0.0
38 silly fetchPackageMetaData
38 silly fetchPackageMetaData     at pickVersionFromRegistryDocument (/Users/dikunin/.nvm/versions/node/v7.0.0/lib/node_modules/npm/lib/fetch-package-metadata.js:178:16)
38 silly fetchPackageMetaData     at /Users/dikunin/.nvm/versions/node/v7.0.0/lib/node_modules/npm/node_modules/iferr/index.js:13:50
38 silly fetchPackageMetaData     at /Users/dikunin/.nvm/versions/node/v7.0.0/lib/node_modules/npm/lib/utils/pulse-till-done.js:20:8
38 silly fetchPackageMetaData     at saved (/Users/dikunin/.nvm/versions/node/v7.0.0/lib/node_modules/npm/lib/cache/caching-client.js:174:7)
38 silly fetchPackageMetaData     at /Users/dikunin/.nvm/versions/node/v7.0.0/lib/node_modules/npm/node_modules/graceful-fs/polyfills.js:233:18
38 silly fetchPackageMetaData     at FSReqWrap.oncomplete (fs.js:111:15)
38 silly fetchPackageMetaData  error for optimizilla-cli@1.1.0 { Error: No compatible version found: optimizilla-cli@1.1.0
38 silly fetchPackageMetaData Valid install targets:
38 silly fetchPackageMetaData 1.0.0
38 silly fetchPackageMetaData
38 silly fetchPackageMetaData     at pickVersionFromRegistryDocument (/Users/dikunin/.nvm/versions/node/v7.0.0/lib/node_modules/npm/lib/fetch-package-metadata.js:178:16)
38 silly fetchPackageMetaData     at /Users/dikunin/.nvm/versions/node/v7.0.0/lib/node_modules/npm/node_modules/iferr/index.js:13:50
38 silly fetchPackageMetaData     at /Users/dikunin/.nvm/versions/node/v7.0.0/lib/node_modules/npm/lib/utils/pulse-till-done.js:20:8
38 silly fetchPackageMetaData     at saved (/Users/dikunin/.nvm/versions/node/v7.0.0/lib/node_modules/npm/lib/cache/caching-client.js:174:7)
38 silly fetchPackageMetaData     at /Users/dikunin/.nvm/versions/node/v7.0.0/lib/node_modules/npm/node_modules/graceful-fs/polyfills.js:233:18
38 silly fetchPackageMetaData     at FSReqWrap.oncomplete (fs.js:111:15) code: 'ETARGET' }
39 silly rollbackFailedOptional Starting
40 silly rollbackFailedOptional Finishing
41 silly runTopLevelLifecycles Finishing
42 silly install printInstalled
43 verbose stack Error: No compatible version found: optimizilla-cli@1.1.0
43 verbose stack Valid install targets:
43 verbose stack 1.0.0
43 verbose stack
43 verbose stack     at pickVersionFromRegistryDocument (/Users/dikunin/.nvm/versions/node/v7.0.0/lib/node_modules/npm/lib/fetch-package-metadata.js:178:16)
43 verbose stack     at /Users/dikunin/.nvm/versions/node/v7.0.0/lib/node_modules/npm/node_modules/iferr/index.js:13:50
43 verbose stack     at /Users/dikunin/.nvm/versions/node/v7.0.0/lib/node_modules/npm/lib/utils/pulse-till-done.js:20:8
43 verbose stack     at saved (/Users/dikunin/.nvm/versions/node/v7.0.0/lib/node_modules/npm/lib/cache/caching-client.js:174:7)
43 verbose stack     at /Users/dikunin/.nvm/versions/node/v7.0.0/lib/node_modules/npm/node_modules/graceful-fs/polyfills.js:233:18
43 verbose stack     at FSReqWrap.oncomplete (fs.js:111:15)
44 verbose cwd /Users/dikunin/Projects/optimizilla-cli
45 error Darwin 16.5.0
46 error argv "/Users/dikunin/.nvm/versions/node/v7.0.0/bin/node" "/Users/dikunin/.nvm/versions/node/v7.0.0/bin/npm" "install" "optimizilla-cli@1.1.0" "-g"
47 error node v7.0.0
48 error npm  v3.10.8
49 error code ETARGET
50 error notarget No compatible version found: optimizilla-cli@1.1.0
50 error notarget Valid install targets:
50 error notarget 1.0.0
51 error notarget This is most likely not a problem with npm itself.
51 error notarget In most cases you or one of your dependencies are requesting
51 error notarget a package version that doesn't exist.
52 verbose exit [ 1, true ]
